<?xml version="1.0" encoding="UTF-8"?>
<testsuite name="| test | test |" tests="9" skipped="6" failures="0" errors="0" timestamp="2016-05-25T09:21:23" hostname="LT03379" time="0.165">
  <properties/>
  <testcase name="Given I am on application start page" classname="| test | test |" time="0.003"/>
  <testcase name="When I click on start" classname="| test | test |" time="0.0"/>
  <testcase name="And I login with test test" classname="| test | test |" time="0.0">
    <skipped/>
  </testcase>
  <testcase name="Then I should see application form" classname="| test | test |" time="0.0">
    <skipped/>
  </testcase>
  <testcase name="And I should be able to enter &quot;Test project&quot; in project title" classname="| test | test |" time="0.0">
    <skipped/>
  </testcase>
  <testcase name="And I should be able to enter &quot;Test description&quot; in short description" classname="| test | test |" time="0.0">
    <skipped/>
  </testcase>
  <testcase name="And I should be able to submit form" classname="| test | test |" time="0.0">
    <skipped/>
  </testcase>
  <testcase name="And I should see &quot;application saved successfully&quot;" classname="| test | test |" time="0.0">
    <skipped/>
  </testcase>
  <testcase name="classMethod" classname="| test | test |" time="5.554"/>
  <system-out><![CDATA[Properties file area
Loading properties from file C:\Users\nkhan\workspace\grantsFunding-web-test/src/test/resources/TestConfig-ci.properties
]]></system-out>
  <system-err><![CDATA[Starting ChromeDriver (v2.9.248315) on port 26221
]]></system-err>
</testsuite>
