<?xml version="1.0" encoding="UTF-8"?>
<testsuite name="uk.gov.bis.grants.accceptanceTest.RegressionTest" tests="0" skipped="0" failures="0" errors="0" timestamp="1970-01-01T00:00:00" hostname="LT03379" time="0.0">
  <properties/>
  <system-out><![CDATA[None of the features at [src/test/resources/features.functional/] matched the filters: [@regression, ~@ignore]

0 Scenarios
0 Steps
0m0.000s

]]></system-out>
  <system-err><![CDATA[]]></system-err>
</testsuite>
