<?xml version="1.0" encoding="UTF-8"?>
<testsuite name="| test1 | test1 |" tests="9" skipped="6" failures="0" errors="0" timestamp="2016-05-25T09:21:26" hostname="LT03379" time="0.134">
  <properties/>
  <testcase name="Given I am on application start page" classname="| test1 | test1 |" time="0.0"/>
  <testcase name="When I click on start" classname="| test1 | test1 |" time="0.0"/>
  <testcase name="And I login with test1 test1" classname="| test1 | test1 |" time="0.0">
    <skipped/>
  </testcase>
  <testcase name="Then I should see application form" classname="| test1 | test1 |" time="0.0">
    <skipped/>
  </testcase>
  <testcase name="And I should be able to enter &quot;Test project&quot; in project title" classname="| test1 | test1 |" time="0.0">
    <skipped/>
  </testcase>
  <testcase name="And I should be able to enter &quot;Test description&quot; in short description" classname="| test1 | test1 |" time="0.001">
    <skipped/>
  </testcase>
  <testcase name="And I should be able to submit form" classname="| test1 | test1 |" time="0.001">
    <skipped/>
  </testcase>
  <testcase name="And I should see &quot;application saved successfully&quot;" classname="| test1 | test1 |" time="0.0">
    <skipped/>
  </testcase>
  <testcase name="classMethod" classname="| test1 | test1 |" time="2.709"/>
  <system-out><![CDATA[]]></system-out>
  <system-err><![CDATA[]]></system-err>
</testsuite>
